TN:
SF:/home/femi/Desktop/personal-projects/tdd-node/app.js
FN:12,(anonymous_0)
FNF:1
FNH:1
FNDA:1,(anonymous_0)
DA:1,1
DA:2,1
DA:4,1
DA:6,1
DA:7,1
DA:9,1
DA:10,1
DA:12,1
DA:13,1
DA:19,1
LF:10
LH:10
BRF:0
BRH:0
end_of_record
TN:
SF:/home/femi/Desktop/personal-projects/tdd-node/api/routes.js
FN:5,(anonymous_0)
FN:38,(anonymous_1)
FNF:2
FNH:2
FNDA:1,(anonymous_0)
FNDA:1,(anonymous_1)
DA:1,1
DA:2,1
DA:3,1
DA:5,1
DA:6,1
DA:7,1
DA:9,1
DA:10,0
DA:11,0
DA:13,1
DA:14,0
DA:15,0
DA:17,1
DA:18,0
DA:19,0
DA:22,1
DA:24,0
DA:30,1
DA:38,1
DA:39,1
DA:40,1
DA:42,1
DA:43,0
DA:44,0
DA:46,1
DA:47,0
DA:48,0
DA:51,1
DA:53,0
DA:60,1
DA:61,1
DA:70,1
DA:76,0
DA:83,1
LF:34
LH:21
BRDA:9,0,0,0
BRDA:9,0,1,1
BRDA:13,1,0,0
BRDA:13,1,1,1
BRDA:17,2,0,0
BRDA:17,2,1,1
BRDA:22,3,0,0
BRDA:22,3,1,1
BRDA:42,4,0,0
BRDA:42,4,1,1
BRDA:46,5,0,0
BRDA:46,5,1,1
BRDA:51,6,0,0
BRDA:51,6,1,1
BRDA:60,7,0,1
BRDA:60,7,1,0
BRDA:60,8,0,1
BRDA:60,8,1,1
BRF:18
BRH:10
end_of_record
